<?xml version="1.0" encoding="UTF-8"?>
<robot generator="Robot 6.0.2 (Python 3.11.2 on win32)" generated="20230216 17:07:17.076" rpa="false" schemaversion="3">
<suite id="s1" name="Moolya01" source="c:\Users\user\Desktop\pythodcode\robot\tests\moolya01.robot">
<test id="s1-t1" name="tc1" line="11">
<kw name="Open Browser" library="SeleniumLibrary">
<arg>${url1}</arg>
<arg>${browser}</arg>
<doc>Opens a new browser instance to the optional ``url``.</doc>
<msg timestamp="20230216 17:07:17.544" level="INFO">Opening browser 'chrome' to base url 'https://opensource-demo.orangehrmlive.com/web/index.php/auth/login'.</msg>
<status status="PASS" starttime="20230216 17:07:17.543" endtime="20230216 17:07:23.170"/>
</kw>
<kw name="Maximize Browser Window" library="SeleniumLibrary">
<doc>Maximizes current browser window.</doc>
<status status="PASS" starttime="20230216 17:07:23.180" endtime="20230216 17:07:23.320"/>
</kw>
<kw name="Title Should Be" library="SeleniumLibrary">
<arg>OrangeHRM</arg>
<doc>Verifies that the current page title equals ``title``.</doc>
<msg timestamp="20230216 17:07:23.386" level="INFO">Page title is 'OrangeHRM'.</msg>
<status status="PASS" starttime="20230216 17:07:23.337" endtime="20230216 17:07:23.387"/>
</kw>
<kw name="Sleep" library="BuiltIn">
<arg>3</arg>
<doc>Pauses the test executed for the given time.</doc>
<msg timestamp="20230216 17:07:26.402" level="INFO">Slept 3 seconds</msg>
<status status="PASS" starttime="20230216 17:07:23.399" endtime="20230216 17:07:26.402"/>
</kw>
<kw name="Set Selenium Speed" library="SeleniumLibrary">
<arg>3seconds</arg>
<doc>Sets the delay that is waited after each Selenium command.</doc>
<status status="PASS" starttime="20230216 17:07:26.403" endtime="20230216 17:07:26.405"/>
</kw>
<kw name="logintest" library="test01">
<kw name="Input Text" library="SeleniumLibrary">
<arg>xpath://input[@name='username']</arg>
<arg>Admin</arg>
<doc>Types the given ``text`` into the text field identified by ``locator``.</doc>
<msg timestamp="20230216 17:07:26.410" level="INFO">Typing text 'Admin' into text field 'xpath://input[@name='username']'.</msg>
<status status="PASS" starttime="20230216 17:07:26.408" endtime="20230216 17:07:35.562"/>
</kw>
<kw name="Set Variable" library="BuiltIn">
<var>${username}</var>
<arg>xpath://input[@name='username']</arg>
<doc>Returns the given values which can then be assigned to a variables.</doc>
<msg timestamp="20230216 17:07:35.563" level="INFO">${username} = xpath://input[@name='username']</msg>
<status status="PASS" starttime="20230216 17:07:35.562" endtime="20230216 17:07:35.563"/>
</kw>
<kw name="Element Should Be Visible" library="SeleniumLibrary">
<arg>${username}</arg>
<doc>Verifies that the element identified by ``locator`` is visible.</doc>
<msg timestamp="20230216 17:07:41.609" level="INFO">Element 'xpath://input[@name='username']' is displayed.</msg>
<status status="PASS" starttime="20230216 17:07:35.563" endtime="20230216 17:07:41.609"/>
</kw>
<kw name="Element Should Be Enabled" library="SeleniumLibrary">
<arg>${username}</arg>
<doc>Verifies that element identified by ``locator`` is enabled.</doc>
<status status="PASS" starttime="20230216 17:07:41.610" endtime="20230216 17:07:50.667"/>
</kw>
<kw name="Sleep" library="BuiltIn">
<arg>3</arg>
<doc>Pauses the test executed for the given time.</doc>
<msg timestamp="20230216 17:07:53.668" level="INFO">Slept 3 seconds</msg>
<status status="PASS" starttime="20230216 17:07:50.667" endtime="20230216 17:07:53.668"/>
</kw>
<kw name="Clear Element Text" library="SeleniumLibrary">
<arg>${username}</arg>
<doc>Clears the value of the text-input-element identified by ``locator``.</doc>
<status status="PASS" starttime="20230216 17:07:53.668" endtime="20230216 17:07:59.726"/>
</kw>
<kw name="Input Text" library="SeleniumLibrary">
<arg>xpath://input[@name='password']</arg>
<arg>admin123</arg>
<doc>Types the given ``text`` into the text field identified by ``locator``.</doc>
<msg timestamp="20230216 17:07:59.727" level="INFO">Typing text 'admin123' into text field 'xpath://input[@name='password']'.</msg>
<status status="PASS" starttime="20230216 17:07:59.727" endtime="20230216 17:08:08.883"/>
</kw>
<kw name="Click Button" library="SeleniumLibrary">
<arg>//button[@class='oxd-button oxd-button--medium oxd-button--main orangehrm-login-button']</arg>
<doc>Clicks the button identified by ``locator``.</doc>
<msg timestamp="20230216 17:08:08.884" level="INFO">Clicking button '//button[@class='oxd-button oxd-button--medium oxd-button--main orangehrm-login-button']'.</msg>
<status status="PASS" starttime="20230216 17:08:08.883" endtime="20230216 17:08:24.002"/>
</kw>
<status status="PASS" starttime="20230216 17:07:26.407" endtime="20230216 17:08:24.003"/>
</kw>
<status status="PASS" starttime="20230216 17:07:17.541" endtime="20230216 17:08:24.006"/>
</test>
<status status="PASS" starttime="20230216 17:07:17.093" endtime="20230216 17:08:24.010"/>
</suite>
<statistics>
<total>
<stat pass="1" fail="0" skip="0">All Tests</stat>
</total>
<tag>
</tag>
<suite>
<stat pass="1" fail="0" skip="0" id="s1" name="Moolya01">Moolya01</stat>
</suite>
</statistics>
<errors>
</errors>
</robot>
